<?xml version="1.0" encoding="UTF-8"?>
<testsuite name="me.sonam.auth.AuthenticatonIntegrationTest" tests="1" skipped="0" failures="0" errors="0" timestamp="2023-05-25T17:56:36" hostname="Sonams-MacBook-Pro.local" time="0.144">
  <properties/>
  <testcase name="hello()" classname="me.sonam.auth.AuthenticatonIntegrationTest" time="0.144"/>
  <system-out><![CDATA[2023-05-25T11:56:34.915-06:00  INFO 90839 --- [    Test worker] m.s.auth.AuthenticatonIntegrationTest    : host: localhost, port: 54252

  .   ____          _            __ _ _
 /\\ / ___'_ __ _ _(_)_ __  __ _ \ \ \ \
( ( )\___ | '_ | '_| | '_ \/ _` | \ \ \ \
 \\/  ___)| |_)| | | | | || (_| |  ) ) ) )
  '  |____| .__|_| |_|_| |_\__, | / / / /
 =========|_|==============|___/=/_/_/_/
 :: Spring Boot ::                (v3.1.0)

2023-05-25T11:56:34.992-06:00  INFO 90839 --- [    Test worker] m.s.auth.AuthenticatonIntegrationTest    : Starting AuthenticatonIntegrationTest using Java 17.0.5 with PID 90839 (started by sonamsamdupkhangsar in /Users/sonamsamdupkhangsar/Documents/github/my-auth-testing/spring-default-authorization-server)
2023-05-25T11:56:34.993-06:00  INFO 90839 --- [    Test worker] m.s.auth.AuthenticatonIntegrationTest    : No active profile set, falling back to 1 default profile: "default"
2023-05-25T11:56:35.885-06:00  INFO 90839 --- [    Test worker] m.s.a.config.AuthorizationServerConfig   : message-client already exists
2023-05-25T11:56:35.920-06:00  INFO 90839 --- [    Test worker] a.s.JpaOAuth2AuthorizationConsentService : initializing
2023-05-25T11:56:36.013-06:00  WARN 90839 --- [    Test worker] o.s.security.core.userdetails.User       : User.withDefaultPasswordEncoder() is considered unsafe for production and is only intended for sample applications.
2023-05-25T11:56:36.406-06:00  INFO 90839 --- [    Test worker] o.s.s.web.DefaultSecurityFilterChain     : Will secure org.springframework.security.oauth2.server.authorization.config.annotation.web.configurers.OAuth2AuthorizationServerConfigurer$$Lambda$1697/0x0000000801661e70@4179d30b with [org.springframework.security.web.session.DisableEncodeUrlFilter@14e37f06, org.springframework.security.web.context.request.async.WebAsyncManagerIntegrationFilter@14efd31b, org.springframework.security.web.context.SecurityContextHolderFilter@62027c17, org.springframework.security.oauth2.server.authorization.config.annotation.web.configurers.AuthorizationServerContextFilter@60f166ef, org.springframework.security.web.header.HeaderWriterFilter@4043405a, org.springframework.web.filter.CorsFilter@1ec4fe38, org.springframework.security.oauth2.server.authorization.oidc.web.OidcLogoutEndpointFilter@222667ff, org.springframework.security.web.authentication.logout.LogoutFilter@aedede3, org.springframework.security.oauth2.server.authorization.web.OAuth2AuthorizationServerMetadataEndpointFilter@477d8a79, org.springframework.security.oauth2.server.authorization.web.OAuth2AuthorizationEndpointFilter@34ec4134, org.springframework.security.oauth2.server.authorization.web.OAuth2DeviceVerificationEndpointFilter@22f00670, org.springframework.security.oauth2.server.authorization.oidc.web.OidcProviderConfigurationEndpointFilter@c529ddd, org.springframework.security.oauth2.server.authorization.web.NimbusJwkSetEndpointFilter@7855b359, org.springframework.security.oauth2.server.authorization.web.OAuth2ClientAuthenticationFilter@221ae92c, org.springframework.security.oauth2.server.resource.web.authentication.BearerTokenAuthenticationFilter@695d2a33, org.springframework.security.web.savedrequest.RequestCacheAwareFilter@51dfb693, org.springframework.security.web.servletapi.SecurityContextHolderAwareRequestFilter@216501a9, org.springframework.security.web.authentication.AnonymousAuthenticationFilter@112a8760, org.springframework.security.web.access.ExceptionTranslationFilter@7a715766, org.springframework.security.web.access.intercept.AuthorizationFilter@2f4b8c36, org.springframework.security.oauth2.server.authorization.web.OAuth2TokenEndpointFilter@47b541a3, org.springframework.security.oauth2.server.authorization.web.OAuth2TokenIntrospectionEndpointFilter@329383f0, org.springframework.security.oauth2.server.authorization.web.OAuth2TokenRevocationEndpointFilter@1916f999, org.springframework.security.oauth2.server.authorization.web.OAuth2DeviceAuthorizationEndpointFilter@4f25fe6e, org.springframework.security.oauth2.server.authorization.oidc.web.OidcUserInfoEndpointFilter@42103b5b]
2023-05-25T11:56:36.415-06:00  INFO 90839 --- [    Test worker] o.s.s.web.DefaultSecurityFilterChain     : Will secure any request with [org.springframework.security.web.session.DisableEncodeUrlFilter@4de73fd2, org.springframework.security.web.context.request.async.WebAsyncManagerIntegrationFilter@68217ca5, org.springframework.security.web.context.SecurityContextHolderFilter@13c33a3d, org.springframework.security.web.header.HeaderWriterFilter@493ec25e, org.springframework.web.filter.CorsFilter@613da64b, org.springframework.security.web.authentication.logout.LogoutFilter@abd6027, org.springframework.security.web.authentication.UsernamePasswordAuthenticationFilter@2c3ade2a, org.springframework.security.web.authentication.ui.DefaultLoginPageGeneratingFilter@41919e19, org.springframework.security.web.authentication.ui.DefaultLogoutPageGeneratingFilter@1b0cefc8, org.springframework.security.web.savedrequest.RequestCacheAwareFilter@5da39ad8, org.springframework.security.web.servletapi.SecurityContextHolderAwareRequestFilter@7e829fa5, org.springframework.security.web.authentication.AnonymousAuthenticationFilter@6f614ad4, org.springframework.security.web.access.ExceptionTranslationFilter@6a4b4d5, org.springframework.security.web.access.intercept.AuthorizationFilter@2d048228]
2023-05-25T11:56:36.665-06:00  INFO 90839 --- [    Test worker] m.s.auth.AuthenticatonIntegrationTest    : Started AuthenticatonIntegrationTest in 1.745 seconds (process running for 13.685)
2023-05-25T11:56:36.814-06:00  INFO 90839 --- [    Test worker] m.s.auth.AuthenticatonIntegrationTest    : shutdown and close mockWebServer
]]></system-out>
  <system-err><![CDATA[]]></system-err>
</testsuite>
